<?xml version="1.0" encoding="UTF-8"?>
<testng-results skipped="0" failed="0" total="2" passed="2">
  <reporter-output>
  </reporter-output>
  <suite name="Amazon company" duration-ms="199126" started-at="2015-01-22T02:17:37Z" finished-at="2015-01-22T02:20:57Z">
    <groups>
    </groups>
    <test name="Amazon LogIn" duration-ms="199126" started-at="2015-01-22T02:17:37Z" finished-at="2015-01-22T02:20:57Z">
      <class name="amazon.DropDownList">
        <test-method status="PASS" signature="navigationUrl(java.lang.String, java.lang.String)[pri:0, instance:amazon.DropDownList@79698539]" name="navigationUrl" is-config="true" duration-ms="6583" started-at="2015-01-21T21:17:37Z" finished-at="2015-01-21T21:17:44Z">
          <params>
            <param index="0">
              <value>
                <![CDATA[firefox]]>
              </value>
            </param>
            <param index="1">
              <value>
                <![CDATA[http://www.amazon.com]]>
              </value>
            </param>
          </params>
          <reporter-output>
          </reporter-output>
        </test-method> <!-- navigationUrl -->
        <test-method status="PASS" signature="DropDownList()[pri:0, instance:amazon.DropDownList@79698539]" name="DropDownList" duration-ms="176562" started-at="2015-01-21T21:17:44Z" finished-at="2015-01-21T21:20:41Z">
          <reporter-output>
          </reporter-output>
        </test-method> <!-- DropDownList -->
        <test-method status="PASS" signature="closeUrl()[pri:0, instance:amazon.DropDownList@79698539]" name="closeUrl" is-config="true" duration-ms="19" started-at="2015-01-21T21:20:41Z" finished-at="2015-01-21T21:20:41Z">
          <reporter-output>
          </reporter-output>
        </test-method> <!-- closeUrl -->
      </class> <!-- amazon.DropDownList -->
      <class name="amazon.ReadFile">
        <test-method status="PASS" signature="navigationUrl(java.lang.String, java.lang.String)[pri:0, instance:amazon.ReadFile@5315b42e]" name="navigationUrl" is-config="true" duration-ms="5991" started-at="2015-01-21T21:20:41Z" finished-at="2015-01-21T21:20:47Z">
          <params>
            <param index="0">
              <value>
                <![CDATA[firefox]]>
              </value>
            </param>
            <param index="1">
              <value>
                <![CDATA[http://www.amazon.com]]>
              </value>
            </param>
          </params>
          <reporter-output>
          </reporter-output>
        </test-method> <!-- navigationUrl -->
        <test-method status="PASS" signature="runFile()[pri:0, instance:amazon.ReadFile@5315b42e]" name="runFile" duration-ms="9845" started-at="2015-01-21T21:20:47Z" finished-at="2015-01-21T21:20:56Z">
          <reporter-output>
          </reporter-output>
        </test-method> <!-- runFile -->
        <test-method status="PASS" signature="closeUrl()[pri:0, instance:amazon.ReadFile@5315b42e]" name="closeUrl" is-config="true" duration-ms="115" started-at="2015-01-21T21:20:56Z" finished-at="2015-01-21T21:20:57Z">
          <reporter-output>
          </reporter-output>
        </test-method> <!-- closeUrl -->
      </class> <!-- amazon.ReadFile -->
    </test> <!-- Amazon LogIn -->
  </suite> <!-- Amazon company -->
</testng-results>
