<?xml version="1.0" encoding="UTF-8"?>
<testng-results skipped="0" failed="0" total="1" passed="1">
  <reporter-output>
  </reporter-output>
  <suite name="Amazon company" duration-ms="220739" started-at="2015-01-12T11:50:23Z" finished-at="2015-01-12T11:54:04Z">
    <groups>
    </groups>
    <test name="Amazon LogIn" duration-ms="220739" started-at="2015-01-12T11:50:23Z" finished-at="2015-01-12T11:54:04Z">
      <class name="amazon.DropDownList">
        <test-method status="PASS" signature="navigationUrl(boolean, java.lang.String, java.lang.String, java.lang.String, java.lang.String, java.lang.String, java.lang.String)[pri:0, instance:amazon.DropDownList@5ebec15]" name="navigationUrl" is-config="true" duration-ms="25658" started-at="2015-01-12T06:50:23Z" finished-at="2015-01-12T06:50:48Z">
          <params>
            <param index="0">
              <value>
                <![CDATA[true]]>
              </value>
            </param>
            <param index="1">
              <value>
                <![CDATA[http://www.amazon.com]]>
              </value>
            </param>
            <param index="2">
              <value>
                <![CDATA[WIN8]]>
              </value>
            </param>
            <param index="3">
              <value>
                <![CDATA[firefox]]>
              </value>
            </param>
            <param index="4">
              <value>
                <![CDATA[33]]>
              </value>
            </param>
            <param index="5">
              <value>
                <![CDATA[akanda_salahuddin]]>
              </value>
            </param>
            <param index="6">
              <value>
                <![CDATA[b5e11a4f-f9a3-4d95-b2a6-24b3984ac9bb]]>
              </value>
            </param>
          </params>
          <reporter-output>
          </reporter-output>
        </test-method> <!-- navigationUrl -->
        <test-method status="PASS" signature="DropDownList()[pri:0, instance:amazon.DropDownList@5ebec15]" name="DropDownList" duration-ms="194671" started-at="2015-01-12T06:50:48Z" finished-at="2015-01-12T06:54:03Z">
          <reporter-output>
          </reporter-output>
        </test-method> <!-- DropDownList -->
        <test-method status="PASS" signature="closeUrl()[pri:0, instance:amazon.DropDownList@5ebec15]" name="closeUrl" is-config="true" duration-ms="399" started-at="2015-01-12T06:54:03Z" finished-at="2015-01-12T06:54:04Z">
          <reporter-output>
          </reporter-output>
        </test-method> <!-- closeUrl -->
      </class> <!-- amazon.DropDownList -->
    </test> <!-- Amazon LogIn -->
  </suite> <!-- Amazon company -->
</testng-results>
