<?xml version="1.0" encoding="UTF-8"?>
<testng-results skipped="0" failed="0" total="1" passed="1">
  <reporter-output>
  </reporter-output>
  <suite name="Geico insurance company" duration-ms="121364" started-at="2015-01-12T11:48:21Z" finished-at="2015-01-12T11:50:22Z">
    <groups>
    </groups>
    <test name="Geico LogIn tab" duration-ms="121364" started-at="2015-01-12T11:48:21Z" finished-at="2015-01-12T11:50:22Z">
      <class name="characterarcade.IFrame">
        <test-method status="PASS" signature="navigationUrl(boolean, java.lang.String, java.lang.String, java.lang.String, java.lang.String, java.lang.String, java.lang.String)[pri:0, instance:characterarcade.IFrame@5ebec15]" name="navigationUrl" is-config="true" duration-ms="98039" started-at="2015-01-12T06:48:21Z" finished-at="2015-01-12T06:49:59Z">
          <params>
            <param index="0">
              <value>
                <![CDATA[true]]>
              </value>
            </param>
            <param index="1">
              <value>
                <![CDATA[http://www.characterarcade.com/]]>
              </value>
            </param>
            <param index="2">
              <value>
                <![CDATA[WIN8]]>
              </value>
            </param>
            <param index="3">
              <value>
                <![CDATA[firefox]]>
              </value>
            </param>
            <param index="4">
              <value>
                <![CDATA[33]]>
              </value>
            </param>
            <param index="5">
              <value>
                <![CDATA[akanda_salahuddin]]>
              </value>
            </param>
            <param index="6">
              <value>
                <![CDATA[b5e11a4f-f9a3-4d95-b2a6-24b3984ac9bb]]>
              </value>
            </param>
          </params>
          <reporter-output>
          </reporter-output>
        </test-method> <!-- navigationUrl -->
        <test-method status="PASS" signature="IFrame()[pri:0, instance:characterarcade.IFrame@5ebec15]" name="IFrame" duration-ms="22835" started-at="2015-01-12T06:49:59Z" finished-at="2015-01-12T06:50:22Z">
          <reporter-output>
          </reporter-output>
        </test-method> <!-- IFrame -->
        <test-method status="PASS" signature="closeUrl()[pri:0, instance:characterarcade.IFrame@5ebec15]" name="closeUrl" is-config="true" duration-ms="479" started-at="2015-01-12T06:50:22Z" finished-at="2015-01-12T06:50:22Z">
          <reporter-output>
          </reporter-output>
        </test-method> <!-- closeUrl -->
      </class> <!-- characterarcade.IFrame -->
    </test> <!-- Geico LogIn tab -->
  </suite> <!-- Geico insurance company -->
</testng-results>
