<?xml version="1.0" encoding="UTF-8"?>
<testng-results skipped="0" failed="0" total="1" passed="1">
  <reporter-output>
  </reporter-output>
  <suite name="Geico insurance company" duration-ms="40164" started-at="2015-01-22T02:16:56Z" finished-at="2015-01-22T02:17:36Z">
    <groups>
    </groups>
    <test name="Geico LogIn tab" duration-ms="40164" started-at="2015-01-22T02:16:56Z" finished-at="2015-01-22T02:17:36Z">
      <class name="characterarcade.IFrame">
        <test-method status="PASS" signature="navigationUrl(java.lang.String, java.lang.String)[pri:0, instance:characterarcade.IFrame@6b2fad11]" name="navigationUrl" is-config="true" duration-ms="12524" started-at="2015-01-21T21:16:56Z" finished-at="2015-01-21T21:17:09Z">
          <params>
            <param index="0">
              <value>
                <![CDATA[firefox]]>
              </value>
            </param>
            <param index="1">
              <value>
                <![CDATA[http://www.characterarcade.com/]]>
              </value>
            </param>
          </params>
          <reporter-output>
          </reporter-output>
        </test-method> <!-- navigationUrl -->
        <test-method status="PASS" signature="IFrame()[pri:0, instance:characterarcade.IFrame@6b2fad11]" name="IFrame" duration-ms="27504" started-at="2015-01-21T21:17:09Z" finished-at="2015-01-21T21:17:36Z">
          <reporter-output>
          </reporter-output>
        </test-method> <!-- IFrame -->
        <test-method status="PASS" signature="closeUrl()[pri:0, instance:characterarcade.IFrame@6b2fad11]" name="closeUrl" is-config="true" duration-ms="122" started-at="2015-01-21T21:17:36Z" finished-at="2015-01-21T21:17:36Z">
          <reporter-output>
          </reporter-output>
        </test-method> <!-- closeUrl -->
      </class> <!-- characterarcade.IFrame -->
    </test> <!-- Geico LogIn tab -->
  </suite> <!-- Geico insurance company -->
</testng-results>
