<?xml version="1.0" encoding="UTF-8"?>
<testng-results skipped="0" failed="0" total="2" passed="2">
  <reporter-output>
  </reporter-output>
  <suite name="Geico insurance company" duration-ms="34940" started-at="2015-01-22T02:15:27Z" finished-at="2015-01-22T02:16:01Z">
    <groups>
    </groups>
    <test name="Geico LogIn tab" duration-ms="34940" started-at="2015-01-22T02:15:27Z" finished-at="2015-01-22T02:16:01Z">
      <class name="healthFirst.HoverMouse">
        <test-method status="PASS" signature="navigationUrl(java.lang.String, java.lang.String)[pri:0, instance:healthFirst.HoverMouse@79698539]" name="navigationUrl" is-config="true" duration-ms="4756" started-at="2015-01-21T21:15:27Z" finished-at="2015-01-21T21:15:31Z">
          <params>
            <param index="0">
              <value>
                <![CDATA[chrome]]>
              </value>
            </param>
            <param index="1">
              <value>
                <![CDATA[http://www.healthfirst.com/]]>
              </value>
            </param>
          </params>
          <reporter-output>
          </reporter-output>
        </test-method> <!-- navigationUrl -->
        <test-method status="PASS" signature="test()[pri:0, instance:healthFirst.HoverMouse@79698539]" name="test" duration-ms="23912" started-at="2015-01-21T21:15:31Z" finished-at="2015-01-21T21:15:55Z">
          <reporter-output>
          </reporter-output>
        </test-method> <!-- test -->
        <test-method status="PASS" signature="closeUrl()[pri:0, instance:healthFirst.HoverMouse@79698539]" name="closeUrl" is-config="true" duration-ms="212" started-at="2015-01-21T21:15:55Z" finished-at="2015-01-21T21:15:55Z">
          <reporter-output>
          </reporter-output>
        </test-method> <!-- closeUrl -->
      </class> <!-- healthFirst.HoverMouse -->
      <class name="healthFirst.LinkList">
        <test-method status="PASS" signature="navigationUrl(java.lang.String, java.lang.String)[pri:0, instance:healthFirst.LinkList@5315b42e]" name="navigationUrl" is-config="true" duration-ms="4384" started-at="2015-01-21T21:15:55Z" finished-at="2015-01-21T21:16:00Z">
          <params>
            <param index="0">
              <value>
                <![CDATA[chrome]]>
              </value>
            </param>
            <param index="1">
              <value>
                <![CDATA[http://www.healthfirst.com/]]>
              </value>
            </param>
          </params>
          <reporter-output>
          </reporter-output>
        </test-method> <!-- navigationUrl -->
        <test-method status="PASS" signature="findLink()[pri:0, instance:healthFirst.LinkList@5315b42e]" name="findLink" duration-ms="1507" started-at="2015-01-21T21:16:00Z" finished-at="2015-01-21T21:16:01Z">
          <reporter-output>
          </reporter-output>
        </test-method> <!-- findLink -->
        <test-method status="PASS" signature="closeUrl()[pri:0, instance:healthFirst.LinkList@5315b42e]" name="closeUrl" is-config="true" duration-ms="154" started-at="2015-01-21T21:16:01Z" finished-at="2015-01-21T21:16:01Z">
          <reporter-output>
          </reporter-output>
        </test-method> <!-- closeUrl -->
      </class> <!-- healthFirst.LinkList -->
    </test> <!-- Geico LogIn tab -->
  </suite> <!-- Geico insurance company -->
</testng-results>
