<?xml version="1.0" encoding="UTF-8"?>
<testng-results skipped="0" failed="0" total="2" passed="2">
  <reporter-output>
  </reporter-output>
  <suite name="Geico insurance company" duration-ms="71815" started-at="2015-01-12T11:44:42Z" finished-at="2015-01-12T11:45:53Z">
    <groups>
    </groups>
    <test name="Geico LogIn tab" duration-ms="71815" started-at="2015-01-12T11:44:42Z" finished-at="2015-01-12T11:45:53Z">
      <class name="healthFirst.HoverMouse">
        <test-method status="PASS" signature="navigationUrl(boolean, java.lang.String, java.lang.String, java.lang.String, java.lang.String, java.lang.String, java.lang.String)[pri:0, instance:healthFirst.HoverMouse@21bcffb5]" name="navigationUrl" is-config="true" duration-ms="13120" started-at="2015-01-12T06:44:42Z" finished-at="2015-01-12T06:44:55Z">
          <params>
            <param index="0">
              <value>
                <![CDATA[true]]>
              </value>
            </param>
            <param index="1">
              <value>
                <![CDATA[http://www.healthfirst.com/]]>
              </value>
            </param>
            <param index="2">
              <value>
                <![CDATA[WIN8]]>
              </value>
            </param>
            <param index="3">
              <value>
                <![CDATA[chrome]]>
              </value>
            </param>
            <param index="4">
              <value>
                <![CDATA[38]]>
              </value>
            </param>
            <param index="5">
              <value>
                <![CDATA[akanda_salahuddin]]>
              </value>
            </param>
            <param index="6">
              <value>
                <![CDATA[b5e11a4f-f9a3-4d95-b2a6-24b3984ac9bb]]>
              </value>
            </param>
          </params>
          <reporter-output>
          </reporter-output>
        </test-method> <!-- navigationUrl -->
        <test-method status="PASS" signature="test()[pri:0, instance:healthFirst.HoverMouse@21bcffb5]" name="test" duration-ms="33109" started-at="2015-01-12T06:44:55Z" finished-at="2015-01-12T06:45:28Z">
          <reporter-output>
          </reporter-output>
        </test-method> <!-- test -->
        <test-method status="PASS" signature="closeUrl()[pri:0, instance:healthFirst.HoverMouse@21bcffb5]" name="closeUrl" is-config="true" duration-ms="1501" started-at="2015-01-12T06:45:28Z" finished-at="2015-01-12T06:45:29Z">
          <reporter-output>
          </reporter-output>
        </test-method> <!-- closeUrl -->
      </class> <!-- healthFirst.HoverMouse -->
      <class name="healthFirst.LinkList">
        <test-method status="PASS" signature="navigationUrl(boolean, java.lang.String, java.lang.String, java.lang.String, java.lang.String, java.lang.String, java.lang.String)[pri:0, instance:healthFirst.LinkList@783e6358]" name="navigationUrl" is-config="true" duration-ms="11167" started-at="2015-01-12T06:45:29Z" finished-at="2015-01-12T06:45:41Z">
          <params>
            <param index="0">
              <value>
                <![CDATA[true]]>
              </value>
            </param>
            <param index="1">
              <value>
                <![CDATA[http://www.healthfirst.com/]]>
              </value>
            </param>
            <param index="2">
              <value>
                <![CDATA[WIN8]]>
              </value>
            </param>
            <param index="3">
              <value>
                <![CDATA[chrome]]>
              </value>
            </param>
            <param index="4">
              <value>
                <![CDATA[38]]>
              </value>
            </param>
            <param index="5">
              <value>
                <![CDATA[akanda_salahuddin]]>
              </value>
            </param>
            <param index="6">
              <value>
                <![CDATA[b5e11a4f-f9a3-4d95-b2a6-24b3984ac9bb]]>
              </value>
            </param>
          </params>
          <reporter-output>
          </reporter-output>
        </test-method> <!-- navigationUrl -->
        <test-method status="PASS" signature="findLink()[pri:0, instance:healthFirst.LinkList@783e6358]" name="findLink" duration-ms="11189" started-at="2015-01-12T06:45:41Z" finished-at="2015-01-12T06:45:52Z">
          <reporter-output>
          </reporter-output>
        </test-method> <!-- findLink -->
        <test-method status="PASS" signature="closeUrl()[pri:0, instance:healthFirst.LinkList@783e6358]" name="closeUrl" is-config="true" duration-ms="1707" started-at="2015-01-12T06:45:52Z" finished-at="2015-01-12T06:45:53Z">
          <reporter-output>
          </reporter-output>
        </test-method> <!-- closeUrl -->
      </class> <!-- healthFirst.LinkList -->
    </test> <!-- Geico LogIn tab -->
  </suite> <!-- Geico insurance company -->
</testng-results>
