<?xml version="1.0" encoding="UTF-8"?>
<testng-results skipped="0" failed="0" total="1" passed="1">
  <reporter-output>
  </reporter-output>
  <suite name="Geico insurance company" duration-ms="23865" started-at="2015-01-12T11:42:57Z" finished-at="2015-01-12T11:43:21Z">
    <groups>
    </groups>
    <test name="Geico LogIn tab" duration-ms="23865" started-at="2015-01-12T11:42:57Z" finished-at="2015-01-12T11:43:21Z">
      <class name="erail.ScrollOption">
        <test-method status="PASS" signature="navigationUrl(boolean, java.lang.String, java.lang.String, java.lang.String, java.lang.String, java.lang.String, java.lang.String)[pri:0, instance:erail.ScrollOption@5ebec15]" name="navigationUrl" is-config="true" duration-ms="8564" started-at="2015-01-12T06:42:57Z" finished-at="2015-01-12T06:43:06Z">
          <params>
            <param index="0">
              <value>
                <![CDATA[false]]>
              </value>
            </param>
            <param index="1">
              <value>
                <![CDATA[http://erail.in/]]>
              </value>
            </param>
            <param index="2">
              <value>
                <![CDATA[WIN8]]>
              </value>
            </param>
            <param index="3">
              <value>
                <![CDATA[firefox]]>
              </value>
            </param>
            <param index="4">
              <value>
                <![CDATA[33]]>
              </value>
            </param>
            <param index="5">
              <value>
                <![CDATA[akanda_salahuddin]]>
              </value>
            </param>
            <param index="6">
              <value>
                <![CDATA[b5e11a4f-f9a3-4d95-b2a6-24b3984ac9bb]]>
              </value>
            </param>
          </params>
          <reporter-output>
          </reporter-output>
        </test-method> <!-- navigationUrl -->
        <test-method status="PASS" signature="Scrolling()[pri:0, instance:erail.ScrollOption@5ebec15]" name="Scrolling" duration-ms="15278" started-at="2015-01-12T06:43:06Z" finished-at="2015-01-12T06:43:21Z">
          <reporter-output>
          </reporter-output>
        </test-method> <!-- Scrolling -->
        <test-method status="PASS" signature="closeUrl()[pri:0, instance:erail.ScrollOption@5ebec15]" name="closeUrl" is-config="true" duration-ms="9" started-at="2015-01-12T06:43:21Z" finished-at="2015-01-12T06:43:21Z">
          <reporter-output>
          </reporter-output>
        </test-method> <!-- closeUrl -->
      </class> <!-- erail.ScrollOption -->
    </test> <!-- Geico LogIn tab -->
  </suite> <!-- Geico insurance company -->
</testng-results>
