<?xml version="1.0" encoding="UTF-8"?>
<testng-results skipped="0" failed="0" total="1" passed="1">
  <reporter-output>
  </reporter-output>
  <suite name="Geico insurance company" duration-ms="21037" started-at="2015-01-22T02:21:21Z" finished-at="2015-01-22T02:21:42Z">
    <groups>
    </groups>
    <test name="Geico LogIn tab" duration-ms="21037" started-at="2015-01-22T02:21:21Z" finished-at="2015-01-22T02:21:42Z">
      <class name="erail.ScrollOption">
        <test-method status="PASS" signature="navigationUrl(java.lang.String, java.lang.String)[pri:0, instance:erail.ScrollOption@6b2fad11]" name="navigationUrl" is-config="true" duration-ms="6578" started-at="2015-01-21T21:21:21Z" finished-at="2015-01-21T21:21:27Z">
          <params>
            <param index="0">
              <value>
                <![CDATA[firefox]]>
              </value>
            </param>
            <param index="1">
              <value>
                <![CDATA[http://erail.in/]]>
              </value>
            </param>
          </params>
          <reporter-output>
          </reporter-output>
        </test-method> <!-- navigationUrl -->
        <test-method status="PASS" signature="Scrolling()[pri:0, instance:erail.ScrollOption@6b2fad11]" name="Scrolling" duration-ms="14440" started-at="2015-01-21T21:21:27Z" finished-at="2015-01-21T21:21:42Z">
          <reporter-output>
          </reporter-output>
        </test-method> <!-- Scrolling -->
        <test-method status="PASS" signature="closeUrl()[pri:0, instance:erail.ScrollOption@6b2fad11]" name="closeUrl" is-config="true" duration-ms="7" started-at="2015-01-21T21:21:42Z" finished-at="2015-01-21T21:21:42Z">
          <reporter-output>
          </reporter-output>
        </test-method> <!-- closeUrl -->
      </class> <!-- erail.ScrollOption -->
    </test> <!-- Geico LogIn tab -->
  </suite> <!-- Geico insurance company -->
</testng-results>
