<?xml version="1.0" encoding="UTF-8"?>
<testng-results skipped="0" failed="0" total="2" passed="2">
  <reporter-output>
  </reporter-output>
  <suite name="Geico insurance company" duration-ms="145671" started-at="2015-01-12T11:45:54Z" finished-at="2015-01-12T11:48:20Z">
    <groups>
    </groups>
    <test name="Geico LogIn tab" duration-ms="145671" started-at="2015-01-12T11:45:54Z" finished-at="2015-01-12T11:48:20Z">
      <class name="Jquery.MultipleScreenShort">
        <test-method status="PASS" signature="navigationUrl(boolean, java.lang.String, java.lang.String, java.lang.String, java.lang.String, java.lang.String, java.lang.String)[pri:0, instance:Jquery.MultipleScreenShort@783e6358]" name="navigationUrl" is-config="true" duration-ms="10530" started-at="2015-01-12T06:48:05Z" finished-at="2015-01-12T06:48:16Z">
          <params>
            <param index="0">
              <value>
                <![CDATA[true]]>
              </value>
            </param>
            <param index="1">
              <value>
                <![CDATA[http://www.jquery.com/]]>
              </value>
            </param>
            <param index="2">
              <value>
                <![CDATA[WIN8]]>
              </value>
            </param>
            <param index="3">
              <value>
                <![CDATA[firefox]]>
              </value>
            </param>
            <param index="4">
              <value>
                <![CDATA[33]]>
              </value>
            </param>
            <param index="5">
              <value>
                <![CDATA[akanda_salahuddin]]>
              </value>
            </param>
            <param index="6">
              <value>
                <![CDATA[b5e11a4f-f9a3-4d95-b2a6-24b3984ac9bb]]>
              </value>
            </param>
          </params>
          <reporter-output>
          </reporter-output>
        </test-method> <!-- navigationUrl -->
        <test-method status="PASS" signature="screenShort()[pri:0, instance:Jquery.MultipleScreenShort@783e6358]" name="screenShort" duration-ms="3871" started-at="2015-01-12T06:48:16Z" finished-at="2015-01-12T06:48:20Z">
          <reporter-output>
          </reporter-output>
        </test-method> <!-- screenShort -->
        <test-method status="PASS" signature="closeUrl()[pri:0, instance:Jquery.MultipleScreenShort@783e6358]" name="closeUrl" is-config="true" duration-ms="222" started-at="2015-01-12T06:48:20Z" finished-at="2015-01-12T06:48:20Z">
          <reporter-output>
          </reporter-output>
        </test-method> <!-- closeUrl -->
      </class> <!-- Jquery.MultipleScreenShort -->
      <class name="Jquery.Handelwiondows">
        <test-method status="PASS" signature="navigationUrl(boolean, java.lang.String, java.lang.String, java.lang.String, java.lang.String, java.lang.String, java.lang.String)[pri:0, instance:Jquery.Handelwiondows@21bcffb5]" name="navigationUrl" is-config="true" duration-ms="81372" started-at="2015-01-12T06:45:54Z" finished-at="2015-01-12T06:47:16Z">
          <params>
            <param index="0">
              <value>
                <![CDATA[true]]>
              </value>
            </param>
            <param index="1">
              <value>
                <![CDATA[http://www.jquery.com/]]>
              </value>
            </param>
            <param index="2">
              <value>
                <![CDATA[WIN8]]>
              </value>
            </param>
            <param index="3">
              <value>
                <![CDATA[firefox]]>
              </value>
            </param>
            <param index="4">
              <value>
                <![CDATA[33]]>
              </value>
            </param>
            <param index="5">
              <value>
                <![CDATA[akanda_salahuddin]]>
              </value>
            </param>
            <param index="6">
              <value>
                <![CDATA[b5e11a4f-f9a3-4d95-b2a6-24b3984ac9bb]]>
              </value>
            </param>
          </params>
          <reporter-output>
          </reporter-output>
        </test-method> <!-- navigationUrl -->
        <test-method status="PASS" signature="test()[pri:0, instance:Jquery.Handelwiondows@21bcffb5]" name="test" duration-ms="49315" started-at="2015-01-12T06:47:16Z" finished-at="2015-01-12T06:48:05Z">
          <reporter-output>
          </reporter-output>
        </test-method> <!-- test -->
        <test-method status="PASS" signature="closeUrl()[pri:0, instance:Jquery.Handelwiondows@21bcffb5]" name="closeUrl" is-config="true" duration-ms="343" started-at="2015-01-12T06:48:05Z" finished-at="2015-01-12T06:48:05Z">
          <reporter-output>
          </reporter-output>
        </test-method> <!-- closeUrl -->
      </class> <!-- Jquery.Handelwiondows -->
    </test> <!-- Geico LogIn tab -->
  </suite> <!-- Geico insurance company -->
</testng-results>
