<?xml version="1.0" encoding="UTF-8"?>
<testng-results skipped="0" failed="0" total="2" passed="2">
  <reporter-output>
  </reporter-output>
  <suite name="Geico insurance company" duration-ms="52266" started-at="2015-01-22T02:16:03Z" finished-at="2015-01-22T02:16:55Z">
    <groups>
    </groups>
    <test name="Geico LogIn tab" duration-ms="52266" started-at="2015-01-22T02:16:03Z" finished-at="2015-01-22T02:16:55Z">
      <class name="Jquery.MultipleScreenShort">
        <test-method status="PASS" signature="navigationUrl(java.lang.String, java.lang.String)[pri:0, instance:Jquery.MultipleScreenShort@5315b42e]" name="navigationUrl" is-config="true" duration-ms="3266" started-at="2015-01-21T21:16:51Z" finished-at="2015-01-21T21:16:54Z">
          <params>
            <param index="0">
              <value>
                <![CDATA[firefox]]>
              </value>
            </param>
            <param index="1">
              <value>
                <![CDATA[http://www.jquery.com/]]>
              </value>
            </param>
          </params>
          <reporter-output>
          </reporter-output>
        </test-method> <!-- navigationUrl -->
        <test-method status="PASS" signature="screenShort()[pri:0, instance:Jquery.MultipleScreenShort@5315b42e]" name="screenShort" duration-ms="736" started-at="2015-01-21T21:16:54Z" finished-at="2015-01-21T21:16:55Z">
          <reporter-output>
          </reporter-output>
        </test-method> <!-- screenShort -->
        <test-method status="PASS" signature="closeUrl()[pri:0, instance:Jquery.MultipleScreenShort@5315b42e]" name="closeUrl" is-config="true" duration-ms="6" started-at="2015-01-21T21:16:55Z" finished-at="2015-01-21T21:16:55Z">
          <reporter-output>
          </reporter-output>
        </test-method> <!-- closeUrl -->
      </class> <!-- Jquery.MultipleScreenShort -->
      <class name="Jquery.Handelwiondows">
        <test-method status="PASS" signature="navigationUrl(java.lang.String, java.lang.String)[pri:0, instance:Jquery.Handelwiondows@79698539]" name="navigationUrl" is-config="true" duration-ms="4191" started-at="2015-01-21T21:16:03Z" finished-at="2015-01-21T21:16:07Z">
          <params>
            <param index="0">
              <value>
                <![CDATA[firefox]]>
              </value>
            </param>
            <param index="1">
              <value>
                <![CDATA[http://www.jquery.com/]]>
              </value>
            </param>
          </params>
          <reporter-output>
          </reporter-output>
        </test-method> <!-- navigationUrl -->
        <test-method status="PASS" signature="test()[pri:0, instance:Jquery.Handelwiondows@79698539]" name="test" duration-ms="43946" started-at="2015-01-21T21:16:07Z" finished-at="2015-01-21T21:16:51Z">
          <reporter-output>
          </reporter-output>
        </test-method> <!-- test -->
        <test-method status="PASS" signature="closeUrl()[pri:0, instance:Jquery.Handelwiondows@79698539]" name="closeUrl" is-config="true" duration-ms="111" started-at="2015-01-21T21:16:51Z" finished-at="2015-01-21T21:16:51Z">
          <reporter-output>
          </reporter-output>
        </test-method> <!-- closeUrl -->
      </class> <!-- Jquery.Handelwiondows -->
    </test> <!-- Geico LogIn tab -->
  </suite> <!-- Geico insurance company -->
</testng-results>
