<?xml version="1.0" encoding="UTF-8"?>
<testng-results skipped="0" failed="0" total="1" passed="1">
  <reporter-output>
  </reporter-output>
  <suite name="Geico insurance company" duration-ms="21379" started-at="2015-01-22T02:20:58Z" finished-at="2015-01-22T02:21:19Z">
    <groups>
    </groups>
    <test name="Geico LogIn tab" duration-ms="21379" started-at="2015-01-22T02:20:58Z" finished-at="2015-01-22T02:21:19Z">
      <class name="metLife.YourInfo">
        <test-method status="PASS" signature="navigationUrl(java.lang.String, java.lang.String)[pri:0, instance:metLife.YourInfo@6b2fad11]" name="navigationUrl" is-config="true" duration-ms="6494" started-at="2015-01-21T21:20:58Z" finished-at="2015-01-21T21:21:04Z">
          <params>
            <param index="0">
              <value>
                <![CDATA[firefox]]>
              </value>
            </param>
            <param index="1">
              <value>
                <![CDATA[http://www.metlife.com/]]>
              </value>
            </param>
          </params>
          <reporter-output>
          </reporter-output>
        </test-method> <!-- navigationUrl -->
        <test-method status="PASS" signature="yourInfo()[pri:0, instance:metLife.YourInfo@6b2fad11]" name="yourInfo" duration-ms="14859" started-at="2015-01-21T21:21:04Z" finished-at="2015-01-21T21:21:19Z">
          <reporter-output>
          </reporter-output>
        </test-method> <!-- yourInfo -->
        <test-method status="PASS" signature="closeUrl()[pri:0, instance:metLife.YourInfo@6b2fad11]" name="closeUrl" is-config="true" duration-ms="14" started-at="2015-01-21T21:21:19Z" finished-at="2015-01-21T21:21:19Z">
          <reporter-output>
          </reporter-output>
        </test-method> <!-- closeUrl -->
      </class> <!-- metLife.YourInfo -->
    </test> <!-- Geico LogIn tab -->
  </suite> <!-- Geico insurance company -->
</testng-results>
